#! /usr/local/Cellar/icarus-verilog/0.9.7/bin/vvp
:ivl_version "0.9.7 " "(v0_9_7)";
:vpi_time_precision + 0;
:vpi_module "system";
:vpi_module "v2005_math";
:vpi_module "va_math";
S_0x7f9500d00470 .scope module, "montprod" "montprod" 2 39;
 .timescale 0 0;
P_0x7f9500d00558 .param/l "CTRL_DONE" 2 73, C4<111>;
P_0x7f9500d00580 .param/l "CTRL_IDLE" 2 66, C4<000>;
P_0x7f9500d005a8 .param/l "CTRL_INIT_Z" 2 67, C4<001>;
P_0x7f9500d005d0 .param/l "CTRL_LOOP_INIT" 2 68, C4<010>;
P_0x7f9500d005f8 .param/l "CTRL_LOOP_ITER" 2 69, C4<011>;
P_0x7f9500d00620 .param/l "CTRL_L_CALC_SA" 2 71, C4<101>;
P_0x7f9500d00648 .param/l "CTRL_L_CALC_SDIV2" 2 72, C4<110>;
P_0x7f9500d00670 .param/l "CTRL_L_CALC_SM" 2 70, C4<100>;
v0x7f9500d00bd0 .array "A_mem", 255 0, 31 0;
v0x7f9500d11c60_0 .net "calculate", 0 0, C4<z>; 0 drivers
v0x7f9500d11cf0_0 .net "clk", 0 0, C4<z>; 0 drivers
v0x7f9500d11d90_0 .net "length", 7 0, C4<zzzzzzzz>; 0 drivers
v0x7f9500d11e20_0 .var "loop_counter", 12 0;
v0x7f9500d11ee0_0 .var "loop_counter_new", 12 0;
v0x7f9500d11f70_0 .var "montprod_ctrl_new", 2 0;
v0x7f9500d12030_0 .var "montprod_ctrl_reg", 2 0;
v0x7f9500d120b0_0 .var "montprod_ctrl_we", 0 0;
v0x7f9500d12180_0 .net "opa_addr", 7 0, v0x7f9500d12200_0; 1 drivers
v0x7f9500d12200_0 .var "opa_addr_reg", 7 0;
v0x7f9500d122e0_0 .net "opa_data", 31 0, C4<zzzzzzzzzzzzzzzzzzzzzzzzzzzzzzzz>; 0 drivers
v0x7f9500d12360_0 .net "opb_addr", 7 0, v0x7f9500d12450_0; 1 drivers
v0x7f9500d12450_0 .var "opb_addr_reg", 7 0;
v0x7f9500d124d0_0 .net "opb_data", 31 0, C4<zzzzzzzzzzzzzzzzzzzzzzzzzzzzzzzz>; 0 drivers
v0x7f9500d125d0_0 .net "opm_addr", 7 0, v0x7f9500d12650_0; 1 drivers
v0x7f9500d12650_0 .var "opm_addr_reg", 7 0;
v0x7f9500d12550_0 .net "opm_data", 31 0, C4<zzzzzzzzzzzzzzzzzzzzzzzzzzzzzzzz>; 0 drivers
v0x7f9500d12760_0 .var "q", 0 0;
v0x7f9500d12880_0 .net "ready", 0 0, v0x7f9500d126d0_0; 1 drivers
v0x7f9500d12900_0 .var "ready_new", 0 0;
v0x7f9500d126d0_0 .var "ready_reg", 0 0;
v0x7f9500d12a30_0 .var "ready_we", 0 0;
v0x7f9500d127e0_0 .net "reset_n", 0 0, C4<z>; 0 drivers
v0x7f9500d12b70_0 .net "result_addr", 7 0, v0x7f9500d12980_0; 1 drivers
v0x7f9500d12980_0 .var "result_addr_reg", 7 0;
v0x7f9500d12cc0_0 .net "result_data", 31 0, v0x7f9500d12ab0_0; 1 drivers
v0x7f9500d12ab0_0 .var "result_data_reg", 31 0;
v0x7f9500d12e20_0 .net "result_we", 0 0, v0x7f9500d12bf0_0; 1 drivers
v0x7f9500d12bf0_0 .var "result_we_reg", 0 0;
v0x7f9500d12f90 .array "s_mem", 255 0, 31 0;
v0x7f9500d13f10 .array "tmp_mem", 255 0, 31 0;
v0x7f9500d13f90_0 .var "tmp_mem_rd_addr", 7 0;
v0x7f9500d13020_0 .var "tmp_mem_rd_data", 31 0;
v0x7f9500d14120_0 .var "tmp_mem_we", 0 0;
v0x7f9500d14010_0 .var "tmp_mem_wr_addr", 7 0;
v0x7f9500d14090_0 .var "tmp_mem_wr_data", 31 0;
v0x7f9500d141a0_0 .var "word_index", 7 0;
v0x7f9500d14220_0 .var "word_index_new", 7 0;
E_0x7f9500d00890/0 .event edge, v0x7f9500d12030_0, v0x7f9500d11c60_0, v0x7f9500d11d90_0, v0x7f9500d141a0_0;
v0x7f9500d12f90_0 .array/port v0x7f9500d12f90, 0;
v0x7f9500d12f90_1 .array/port v0x7f9500d12f90, 1;
v0x7f9500d12f90_2 .array/port v0x7f9500d12f90, 2;
v0x7f9500d12f90_3 .array/port v0x7f9500d12f90, 3;
E_0x7f9500d00890/1 .event edge, v0x7f9500d12f90_0, v0x7f9500d12f90_1, v0x7f9500d12f90_2, v0x7f9500d12f90_3;
v0x7f9500d12f90_4 .array/port v0x7f9500d12f90, 4;
v0x7f9500d12f90_5 .array/port v0x7f9500d12f90, 5;
v0x7f9500d12f90_6 .array/port v0x7f9500d12f90, 6;
v0x7f9500d12f90_7 .array/port v0x7f9500d12f90, 7;
E_0x7f9500d00890/2 .event edge, v0x7f9500d12f90_4, v0x7f9500d12f90_5, v0x7f9500d12f90_6, v0x7f9500d12f90_7;
v0x7f9500d12f90_8 .array/port v0x7f9500d12f90, 8;
v0x7f9500d12f90_9 .array/port v0x7f9500d12f90, 9;
v0x7f9500d12f90_10 .array/port v0x7f9500d12f90, 10;
v0x7f9500d12f90_11 .array/port v0x7f9500d12f90, 11;
E_0x7f9500d00890/3 .event edge, v0x7f9500d12f90_8, v0x7f9500d12f90_9, v0x7f9500d12f90_10, v0x7f9500d12f90_11;
v0x7f9500d12f90_12 .array/port v0x7f9500d12f90, 12;
v0x7f9500d12f90_13 .array/port v0x7f9500d12f90, 13;
v0x7f9500d12f90_14 .array/port v0x7f9500d12f90, 14;
v0x7f9500d12f90_15 .array/port v0x7f9500d12f90, 15;
E_0x7f9500d00890/4 .event edge, v0x7f9500d12f90_12, v0x7f9500d12f90_13, v0x7f9500d12f90_14, v0x7f9500d12f90_15;
v0x7f9500d12f90_16 .array/port v0x7f9500d12f90, 16;
v0x7f9500d12f90_17 .array/port v0x7f9500d12f90, 17;
v0x7f9500d12f90_18 .array/port v0x7f9500d12f90, 18;
v0x7f9500d12f90_19 .array/port v0x7f9500d12f90, 19;
E_0x7f9500d00890/5 .event edge, v0x7f9500d12f90_16, v0x7f9500d12f90_17, v0x7f9500d12f90_18, v0x7f9500d12f90_19;
v0x7f9500d12f90_20 .array/port v0x7f9500d12f90, 20;
v0x7f9500d12f90_21 .array/port v0x7f9500d12f90, 21;
v0x7f9500d12f90_22 .array/port v0x7f9500d12f90, 22;
v0x7f9500d12f90_23 .array/port v0x7f9500d12f90, 23;
E_0x7f9500d00890/6 .event edge, v0x7f9500d12f90_20, v0x7f9500d12f90_21, v0x7f9500d12f90_22, v0x7f9500d12f90_23;
v0x7f9500d12f90_24 .array/port v0x7f9500d12f90, 24;
v0x7f9500d12f90_25 .array/port v0x7f9500d12f90, 25;
v0x7f9500d12f90_26 .array/port v0x7f9500d12f90, 26;
v0x7f9500d12f90_27 .array/port v0x7f9500d12f90, 27;
E_0x7f9500d00890/7 .event edge, v0x7f9500d12f90_24, v0x7f9500d12f90_25, v0x7f9500d12f90_26, v0x7f9500d12f90_27;
v0x7f9500d12f90_28 .array/port v0x7f9500d12f90, 28;
v0x7f9500d12f90_29 .array/port v0x7f9500d12f90, 29;
v0x7f9500d12f90_30 .array/port v0x7f9500d12f90, 30;
v0x7f9500d12f90_31 .array/port v0x7f9500d12f90, 31;
E_0x7f9500d00890/8 .event edge, v0x7f9500d12f90_28, v0x7f9500d12f90_29, v0x7f9500d12f90_30, v0x7f9500d12f90_31;
v0x7f9500d12f90_32 .array/port v0x7f9500d12f90, 32;
v0x7f9500d12f90_33 .array/port v0x7f9500d12f90, 33;
v0x7f9500d12f90_34 .array/port v0x7f9500d12f90, 34;
v0x7f9500d12f90_35 .array/port v0x7f9500d12f90, 35;
E_0x7f9500d00890/9 .event edge, v0x7f9500d12f90_32, v0x7f9500d12f90_33, v0x7f9500d12f90_34, v0x7f9500d12f90_35;
v0x7f9500d12f90_36 .array/port v0x7f9500d12f90, 36;
v0x7f9500d12f90_37 .array/port v0x7f9500d12f90, 37;
v0x7f9500d12f90_38 .array/port v0x7f9500d12f90, 38;
v0x7f9500d12f90_39 .array/port v0x7f9500d12f90, 39;
E_0x7f9500d00890/10 .event edge, v0x7f9500d12f90_36, v0x7f9500d12f90_37, v0x7f9500d12f90_38, v0x7f9500d12f90_39;
v0x7f9500d12f90_40 .array/port v0x7f9500d12f90, 40;
v0x7f9500d12f90_41 .array/port v0x7f9500d12f90, 41;
v0x7f9500d12f90_42 .array/port v0x7f9500d12f90, 42;
v0x7f9500d12f90_43 .array/port v0x7f9500d12f90, 43;
E_0x7f9500d00890/11 .event edge, v0x7f9500d12f90_40, v0x7f9500d12f90_41, v0x7f9500d12f90_42, v0x7f9500d12f90_43;
v0x7f9500d12f90_44 .array/port v0x7f9500d12f90, 44;
v0x7f9500d12f90_45 .array/port v0x7f9500d12f90, 45;
v0x7f9500d12f90_46 .array/port v0x7f9500d12f90, 46;
v0x7f9500d12f90_47 .array/port v0x7f9500d12f90, 47;
E_0x7f9500d00890/12 .event edge, v0x7f9500d12f90_44, v0x7f9500d12f90_45, v0x7f9500d12f90_46, v0x7f9500d12f90_47;
v0x7f9500d12f90_48 .array/port v0x7f9500d12f90, 48;
v0x7f9500d12f90_49 .array/port v0x7f9500d12f90, 49;
v0x7f9500d12f90_50 .array/port v0x7f9500d12f90, 50;
v0x7f9500d12f90_51 .array/port v0x7f9500d12f90, 51;
E_0x7f9500d00890/13 .event edge, v0x7f9500d12f90_48, v0x7f9500d12f90_49, v0x7f9500d12f90_50, v0x7f9500d12f90_51;
v0x7f9500d12f90_52 .array/port v0x7f9500d12f90, 52;
v0x7f9500d12f90_53 .array/port v0x7f9500d12f90, 53;
v0x7f9500d12f90_54 .array/port v0x7f9500d12f90, 54;
v0x7f9500d12f90_55 .array/port v0x7f9500d12f90, 55;
E_0x7f9500d00890/14 .event edge, v0x7f9500d12f90_52, v0x7f9500d12f90_53, v0x7f9500d12f90_54, v0x7f9500d12f90_55;
v0x7f9500d12f90_56 .array/port v0x7f9500d12f90, 56;
v0x7f9500d12f90_57 .array/port v0x7f9500d12f90, 57;
v0x7f9500d12f90_58 .array/port v0x7f9500d12f90, 58;
v0x7f9500d12f90_59 .array/port v0x7f9500d12f90, 59;
E_0x7f9500d00890/15 .event edge, v0x7f9500d12f90_56, v0x7f9500d12f90_57, v0x7f9500d12f90_58, v0x7f9500d12f90_59;
v0x7f9500d12f90_60 .array/port v0x7f9500d12f90, 60;
v0x7f9500d12f90_61 .array/port v0x7f9500d12f90, 61;
v0x7f9500d12f90_62 .array/port v0x7f9500d12f90, 62;
v0x7f9500d12f90_63 .array/port v0x7f9500d12f90, 63;
E_0x7f9500d00890/16 .event edge, v0x7f9500d12f90_60, v0x7f9500d12f90_61, v0x7f9500d12f90_62, v0x7f9500d12f90_63;
v0x7f9500d12f90_64 .array/port v0x7f9500d12f90, 64;
v0x7f9500d12f90_65 .array/port v0x7f9500d12f90, 65;
v0x7f9500d12f90_66 .array/port v0x7f9500d12f90, 66;
v0x7f9500d12f90_67 .array/port v0x7f9500d12f90, 67;
E_0x7f9500d00890/17 .event edge, v0x7f9500d12f90_64, v0x7f9500d12f90_65, v0x7f9500d12f90_66, v0x7f9500d12f90_67;
v0x7f9500d12f90_68 .array/port v0x7f9500d12f90, 68;
v0x7f9500d12f90_69 .array/port v0x7f9500d12f90, 69;
v0x7f9500d12f90_70 .array/port v0x7f9500d12f90, 70;
v0x7f9500d12f90_71 .array/port v0x7f9500d12f90, 71;
E_0x7f9500d00890/18 .event edge, v0x7f9500d12f90_68, v0x7f9500d12f90_69, v0x7f9500d12f90_70, v0x7f9500d12f90_71;
v0x7f9500d12f90_72 .array/port v0x7f9500d12f90, 72;
v0x7f9500d12f90_73 .array/port v0x7f9500d12f90, 73;
v0x7f9500d12f90_74 .array/port v0x7f9500d12f90, 74;
v0x7f9500d12f90_75 .array/port v0x7f9500d12f90, 75;
E_0x7f9500d00890/19 .event edge, v0x7f9500d12f90_72, v0x7f9500d12f90_73, v0x7f9500d12f90_74, v0x7f9500d12f90_75;
v0x7f9500d12f90_76 .array/port v0x7f9500d12f90, 76;
v0x7f9500d12f90_77 .array/port v0x7f9500d12f90, 77;
v0x7f9500d12f90_78 .array/port v0x7f9500d12f90, 78;
v0x7f9500d12f90_79 .array/port v0x7f9500d12f90, 79;
E_0x7f9500d00890/20 .event edge, v0x7f9500d12f90_76, v0x7f9500d12f90_77, v0x7f9500d12f90_78, v0x7f9500d12f90_79;
v0x7f9500d12f90_80 .array/port v0x7f9500d12f90, 80;
v0x7f9500d12f90_81 .array/port v0x7f9500d12f90, 81;
v0x7f9500d12f90_82 .array/port v0x7f9500d12f90, 82;
v0x7f9500d12f90_83 .array/port v0x7f9500d12f90, 83;
E_0x7f9500d00890/21 .event edge, v0x7f9500d12f90_80, v0x7f9500d12f90_81, v0x7f9500d12f90_82, v0x7f9500d12f90_83;
v0x7f9500d12f90_84 .array/port v0x7f9500d12f90, 84;
v0x7f9500d12f90_85 .array/port v0x7f9500d12f90, 85;
v0x7f9500d12f90_86 .array/port v0x7f9500d12f90, 86;
v0x7f9500d12f90_87 .array/port v0x7f9500d12f90, 87;
E_0x7f9500d00890/22 .event edge, v0x7f9500d12f90_84, v0x7f9500d12f90_85, v0x7f9500d12f90_86, v0x7f9500d12f90_87;
v0x7f9500d12f90_88 .array/port v0x7f9500d12f90, 88;
v0x7f9500d12f90_89 .array/port v0x7f9500d12f90, 89;
v0x7f9500d12f90_90 .array/port v0x7f9500d12f90, 90;
v0x7f9500d12f90_91 .array/port v0x7f9500d12f90, 91;
E_0x7f9500d00890/23 .event edge, v0x7f9500d12f90_88, v0x7f9500d12f90_89, v0x7f9500d12f90_90, v0x7f9500d12f90_91;
v0x7f9500d12f90_92 .array/port v0x7f9500d12f90, 92;
v0x7f9500d12f90_93 .array/port v0x7f9500d12f90, 93;
v0x7f9500d12f90_94 .array/port v0x7f9500d12f90, 94;
v0x7f9500d12f90_95 .array/port v0x7f9500d12f90, 95;
E_0x7f9500d00890/24 .event edge, v0x7f9500d12f90_92, v0x7f9500d12f90_93, v0x7f9500d12f90_94, v0x7f9500d12f90_95;
v0x7f9500d12f90_96 .array/port v0x7f9500d12f90, 96;
v0x7f9500d12f90_97 .array/port v0x7f9500d12f90, 97;
v0x7f9500d12f90_98 .array/port v0x7f9500d12f90, 98;
v0x7f9500d12f90_99 .array/port v0x7f9500d12f90, 99;
E_0x7f9500d00890/25 .event edge, v0x7f9500d12f90_96, v0x7f9500d12f90_97, v0x7f9500d12f90_98, v0x7f9500d12f90_99;
v0x7f9500d12f90_100 .array/port v0x7f9500d12f90, 100;
v0x7f9500d12f90_101 .array/port v0x7f9500d12f90, 101;
v0x7f9500d12f90_102 .array/port v0x7f9500d12f90, 102;
v0x7f9500d12f90_103 .array/port v0x7f9500d12f90, 103;
E_0x7f9500d00890/26 .event edge, v0x7f9500d12f90_100, v0x7f9500d12f90_101, v0x7f9500d12f90_102, v0x7f9500d12f90_103;
v0x7f9500d12f90_104 .array/port v0x7f9500d12f90, 104;
v0x7f9500d12f90_105 .array/port v0x7f9500d12f90, 105;
v0x7f9500d12f90_106 .array/port v0x7f9500d12f90, 106;
v0x7f9500d12f90_107 .array/port v0x7f9500d12f90, 107;
E_0x7f9500d00890/27 .event edge, v0x7f9500d12f90_104, v0x7f9500d12f90_105, v0x7f9500d12f90_106, v0x7f9500d12f90_107;
v0x7f9500d12f90_108 .array/port v0x7f9500d12f90, 108;
v0x7f9500d12f90_109 .array/port v0x7f9500d12f90, 109;
v0x7f9500d12f90_110 .array/port v0x7f9500d12f90, 110;
v0x7f9500d12f90_111 .array/port v0x7f9500d12f90, 111;
E_0x7f9500d00890/28 .event edge, v0x7f9500d12f90_108, v0x7f9500d12f90_109, v0x7f9500d12f90_110, v0x7f9500d12f90_111;
v0x7f9500d12f90_112 .array/port v0x7f9500d12f90, 112;
v0x7f9500d12f90_113 .array/port v0x7f9500d12f90, 113;
v0x7f9500d12f90_114 .array/port v0x7f9500d12f90, 114;
v0x7f9500d12f90_115 .array/port v0x7f9500d12f90, 115;
E_0x7f9500d00890/29 .event edge, v0x7f9500d12f90_112, v0x7f9500d12f90_113, v0x7f9500d12f90_114, v0x7f9500d12f90_115;
v0x7f9500d12f90_116 .array/port v0x7f9500d12f90, 116;
v0x7f9500d12f90_117 .array/port v0x7f9500d12f90, 117;
v0x7f9500d12f90_118 .array/port v0x7f9500d12f90, 118;
v0x7f9500d12f90_119 .array/port v0x7f9500d12f90, 119;
E_0x7f9500d00890/30 .event edge, v0x7f9500d12f90_116, v0x7f9500d12f90_117, v0x7f9500d12f90_118, v0x7f9500d12f90_119;
v0x7f9500d12f90_120 .array/port v0x7f9500d12f90, 120;
v0x7f9500d12f90_121 .array/port v0x7f9500d12f90, 121;
v0x7f9500d12f90_122 .array/port v0x7f9500d12f90, 122;
v0x7f9500d12f90_123 .array/port v0x7f9500d12f90, 123;
E_0x7f9500d00890/31 .event edge, v0x7f9500d12f90_120, v0x7f9500d12f90_121, v0x7f9500d12f90_122, v0x7f9500d12f90_123;
v0x7f9500d12f90_124 .array/port v0x7f9500d12f90, 124;
v0x7f9500d12f90_125 .array/port v0x7f9500d12f90, 125;
v0x7f9500d12f90_126 .array/port v0x7f9500d12f90, 126;
v0x7f9500d12f90_127 .array/port v0x7f9500d12f90, 127;
E_0x7f9500d00890/32 .event edge, v0x7f9500d12f90_124, v0x7f9500d12f90_125, v0x7f9500d12f90_126, v0x7f9500d12f90_127;
v0x7f9500d12f90_128 .array/port v0x7f9500d12f90, 128;
v0x7f9500d12f90_129 .array/port v0x7f9500d12f90, 129;
v0x7f9500d12f90_130 .array/port v0x7f9500d12f90, 130;
v0x7f9500d12f90_131 .array/port v0x7f9500d12f90, 131;
E_0x7f9500d00890/33 .event edge, v0x7f9500d12f90_128, v0x7f9500d12f90_129, v0x7f9500d12f90_130, v0x7f9500d12f90_131;
v0x7f9500d12f90_132 .array/port v0x7f9500d12f90, 132;
v0x7f9500d12f90_133 .array/port v0x7f9500d12f90, 133;
v0x7f9500d12f90_134 .array/port v0x7f9500d12f90, 134;
v0x7f9500d12f90_135 .array/port v0x7f9500d12f90, 135;
E_0x7f9500d00890/34 .event edge, v0x7f9500d12f90_132, v0x7f9500d12f90_133, v0x7f9500d12f90_134, v0x7f9500d12f90_135;
v0x7f9500d12f90_136 .array/port v0x7f9500d12f90, 136;
v0x7f9500d12f90_137 .array/port v0x7f9500d12f90, 137;
v0x7f9500d12f90_138 .array/port v0x7f9500d12f90, 138;
v0x7f9500d12f90_139 .array/port v0x7f9500d12f90, 139;
E_0x7f9500d00890/35 .event edge, v0x7f9500d12f90_136, v0x7f9500d12f90_137, v0x7f9500d12f90_138, v0x7f9500d12f90_139;
v0x7f9500d12f90_140 .array/port v0x7f9500d12f90, 140;
v0x7f9500d12f90_141 .array/port v0x7f9500d12f90, 141;
v0x7f9500d12f90_142 .array/port v0x7f9500d12f90, 142;
v0x7f9500d12f90_143 .array/port v0x7f9500d12f90, 143;
E_0x7f9500d00890/36 .event edge, v0x7f9500d12f90_140, v0x7f9500d12f90_141, v0x7f9500d12f90_142, v0x7f9500d12f90_143;
v0x7f9500d12f90_144 .array/port v0x7f9500d12f90, 144;
v0x7f9500d12f90_145 .array/port v0x7f9500d12f90, 145;
v0x7f9500d12f90_146 .array/port v0x7f9500d12f90, 146;
v0x7f9500d12f90_147 .array/port v0x7f9500d12f90, 147;
E_0x7f9500d00890/37 .event edge, v0x7f9500d12f90_144, v0x7f9500d12f90_145, v0x7f9500d12f90_146, v0x7f9500d12f90_147;
v0x7f9500d12f90_148 .array/port v0x7f9500d12f90, 148;
v0x7f9500d12f90_149 .array/port v0x7f9500d12f90, 149;
v0x7f9500d12f90_150 .array/port v0x7f9500d12f90, 150;
v0x7f9500d12f90_151 .array/port v0x7f9500d12f90, 151;
E_0x7f9500d00890/38 .event edge, v0x7f9500d12f90_148, v0x7f9500d12f90_149, v0x7f9500d12f90_150, v0x7f9500d12f90_151;
v0x7f9500d12f90_152 .array/port v0x7f9500d12f90, 152;
v0x7f9500d12f90_153 .array/port v0x7f9500d12f90, 153;
v0x7f9500d12f90_154 .array/port v0x7f9500d12f90, 154;
v0x7f9500d12f90_155 .array/port v0x7f9500d12f90, 155;
E_0x7f9500d00890/39 .event edge, v0x7f9500d12f90_152, v0x7f9500d12f90_153, v0x7f9500d12f90_154, v0x7f9500d12f90_155;
v0x7f9500d12f90_156 .array/port v0x7f9500d12f90, 156;
v0x7f9500d12f90_157 .array/port v0x7f9500d12f90, 157;
v0x7f9500d12f90_158 .array/port v0x7f9500d12f90, 158;
v0x7f9500d12f90_159 .array/port v0x7f9500d12f90, 159;
E_0x7f9500d00890/40 .event edge, v0x7f9500d12f90_156, v0x7f9500d12f90_157, v0x7f9500d12f90_158, v0x7f9500d12f90_159;
v0x7f9500d12f90_160 .array/port v0x7f9500d12f90, 160;
v0x7f9500d12f90_161 .array/port v0x7f9500d12f90, 161;
v0x7f9500d12f90_162 .array/port v0x7f9500d12f90, 162;
v0x7f9500d12f90_163 .array/port v0x7f9500d12f90, 163;
E_0x7f9500d00890/41 .event edge, v0x7f9500d12f90_160, v0x7f9500d12f90_161, v0x7f9500d12f90_162, v0x7f9500d12f90_163;
v0x7f9500d12f90_164 .array/port v0x7f9500d12f90, 164;
v0x7f9500d12f90_165 .array/port v0x7f9500d12f90, 165;
v0x7f9500d12f90_166 .array/port v0x7f9500d12f90, 166;
v0x7f9500d12f90_167 .array/port v0x7f9500d12f90, 167;
E_0x7f9500d00890/42 .event edge, v0x7f9500d12f90_164, v0x7f9500d12f90_165, v0x7f9500d12f90_166, v0x7f9500d12f90_167;
v0x7f9500d12f90_168 .array/port v0x7f9500d12f90, 168;
v0x7f9500d12f90_169 .array/port v0x7f9500d12f90, 169;
v0x7f9500d12f90_170 .array/port v0x7f9500d12f90, 170;
v0x7f9500d12f90_171 .array/port v0x7f9500d12f90, 171;
E_0x7f9500d00890/43 .event edge, v0x7f9500d12f90_168, v0x7f9500d12f90_169, v0x7f9500d12f90_170, v0x7f9500d12f90_171;
v0x7f9500d12f90_172 .array/port v0x7f9500d12f90, 172;
v0x7f9500d12f90_173 .array/port v0x7f9500d12f90, 173;
v0x7f9500d12f90_174 .array/port v0x7f9500d12f90, 174;
v0x7f9500d12f90_175 .array/port v0x7f9500d12f90, 175;
E_0x7f9500d00890/44 .event edge, v0x7f9500d12f90_172, v0x7f9500d12f90_173, v0x7f9500d12f90_174, v0x7f9500d12f90_175;
v0x7f9500d12f90_176 .array/port v0x7f9500d12f90, 176;
v0x7f9500d12f90_177 .array/port v0x7f9500d12f90, 177;
v0x7f9500d12f90_178 .array/port v0x7f9500d12f90, 178;
v0x7f9500d12f90_179 .array/port v0x7f9500d12f90, 179;
E_0x7f9500d00890/45 .event edge, v0x7f9500d12f90_176, v0x7f9500d12f90_177, v0x7f9500d12f90_178, v0x7f9500d12f90_179;
v0x7f9500d12f90_180 .array/port v0x7f9500d12f90, 180;
v0x7f9500d12f90_181 .array/port v0x7f9500d12f90, 181;
v0x7f9500d12f90_182 .array/port v0x7f9500d12f90, 182;
v0x7f9500d12f90_183 .array/port v0x7f9500d12f90, 183;
E_0x7f9500d00890/46 .event edge, v0x7f9500d12f90_180, v0x7f9500d12f90_181, v0x7f9500d12f90_182, v0x7f9500d12f90_183;
v0x7f9500d12f90_184 .array/port v0x7f9500d12f90, 184;
v0x7f9500d12f90_185 .array/port v0x7f9500d12f90, 185;
v0x7f9500d12f90_186 .array/port v0x7f9500d12f90, 186;
v0x7f9500d12f90_187 .array/port v0x7f9500d12f90, 187;
E_0x7f9500d00890/47 .event edge, v0x7f9500d12f90_184, v0x7f9500d12f90_185, v0x7f9500d12f90_186, v0x7f9500d12f90_187;
v0x7f9500d12f90_188 .array/port v0x7f9500d12f90, 188;
v0x7f9500d12f90_189 .array/port v0x7f9500d12f90, 189;
v0x7f9500d12f90_190 .array/port v0x7f9500d12f90, 190;
v0x7f9500d12f90_191 .array/port v0x7f9500d12f90, 191;
E_0x7f9500d00890/48 .event edge, v0x7f9500d12f90_188, v0x7f9500d12f90_189, v0x7f9500d12f90_190, v0x7f9500d12f90_191;
v0x7f9500d12f90_192 .array/port v0x7f9500d12f90, 192;
v0x7f9500d12f90_193 .array/port v0x7f9500d12f90, 193;
v0x7f9500d12f90_194 .array/port v0x7f9500d12f90, 194;
v0x7f9500d12f90_195 .array/port v0x7f9500d12f90, 195;
E_0x7f9500d00890/49 .event edge, v0x7f9500d12f90_192, v0x7f9500d12f90_193, v0x7f9500d12f90_194, v0x7f9500d12f90_195;
v0x7f9500d12f90_196 .array/port v0x7f9500d12f90, 196;
v0x7f9500d12f90_197 .array/port v0x7f9500d12f90, 197;
v0x7f9500d12f90_198 .array/port v0x7f9500d12f90, 198;
v0x7f9500d12f90_199 .array/port v0x7f9500d12f90, 199;
E_0x7f9500d00890/50 .event edge, v0x7f9500d12f90_196, v0x7f9500d12f90_197, v0x7f9500d12f90_198, v0x7f9500d12f90_199;
v0x7f9500d12f90_200 .array/port v0x7f9500d12f90, 200;
v0x7f9500d12f90_201 .array/port v0x7f9500d12f90, 201;
v0x7f9500d12f90_202 .array/port v0x7f9500d12f90, 202;
v0x7f9500d12f90_203 .array/port v0x7f9500d12f90, 203;
E_0x7f9500d00890/51 .event edge, v0x7f9500d12f90_200, v0x7f9500d12f90_201, v0x7f9500d12f90_202, v0x7f9500d12f90_203;
v0x7f9500d12f90_204 .array/port v0x7f9500d12f90, 204;
v0x7f9500d12f90_205 .array/port v0x7f9500d12f90, 205;
v0x7f9500d12f90_206 .array/port v0x7f9500d12f90, 206;
v0x7f9500d12f90_207 .array/port v0x7f9500d12f90, 207;
E_0x7f9500d00890/52 .event edge, v0x7f9500d12f90_204, v0x7f9500d12f90_205, v0x7f9500d12f90_206, v0x7f9500d12f90_207;
v0x7f9500d12f90_208 .array/port v0x7f9500d12f90, 208;
v0x7f9500d12f90_209 .array/port v0x7f9500d12f90, 209;
v0x7f9500d12f90_210 .array/port v0x7f9500d12f90, 210;
v0x7f9500d12f90_211 .array/port v0x7f9500d12f90, 211;
E_0x7f9500d00890/53 .event edge, v0x7f9500d12f90_208, v0x7f9500d12f90_209, v0x7f9500d12f90_210, v0x7f9500d12f90_211;
v0x7f9500d12f90_212 .array/port v0x7f9500d12f90, 212;
v0x7f9500d12f90_213 .array/port v0x7f9500d12f90, 213;
v0x7f9500d12f90_214 .array/port v0x7f9500d12f90, 214;
v0x7f9500d12f90_215 .array/port v0x7f9500d12f90, 215;
E_0x7f9500d00890/54 .event edge, v0x7f9500d12f90_212, v0x7f9500d12f90_213, v0x7f9500d12f90_214, v0x7f9500d12f90_215;
v0x7f9500d12f90_216 .array/port v0x7f9500d12f90, 216;
v0x7f9500d12f90_217 .array/port v0x7f9500d12f90, 217;
v0x7f9500d12f90_218 .array/port v0x7f9500d12f90, 218;
v0x7f9500d12f90_219 .array/port v0x7f9500d12f90, 219;
E_0x7f9500d00890/55 .event edge, v0x7f9500d12f90_216, v0x7f9500d12f90_217, v0x7f9500d12f90_218, v0x7f9500d12f90_219;
v0x7f9500d12f90_220 .array/port v0x7f9500d12f90, 220;
v0x7f9500d12f90_221 .array/port v0x7f9500d12f90, 221;
v0x7f9500d12f90_222 .array/port v0x7f9500d12f90, 222;
v0x7f9500d12f90_223 .array/port v0x7f9500d12f90, 223;
E_0x7f9500d00890/56 .event edge, v0x7f9500d12f90_220, v0x7f9500d12f90_221, v0x7f9500d12f90_222, v0x7f9500d12f90_223;
v0x7f9500d12f90_224 .array/port v0x7f9500d12f90, 224;
v0x7f9500d12f90_225 .array/port v0x7f9500d12f90, 225;
v0x7f9500d12f90_226 .array/port v0x7f9500d12f90, 226;
v0x7f9500d12f90_227 .array/port v0x7f9500d12f90, 227;
E_0x7f9500d00890/57 .event edge, v0x7f9500d12f90_224, v0x7f9500d12f90_225, v0x7f9500d12f90_226, v0x7f9500d12f90_227;
v0x7f9500d12f90_228 .array/port v0x7f9500d12f90, 228;
v0x7f9500d12f90_229 .array/port v0x7f9500d12f90, 229;
v0x7f9500d12f90_230 .array/port v0x7f9500d12f90, 230;
v0x7f9500d12f90_231 .array/port v0x7f9500d12f90, 231;
E_0x7f9500d00890/58 .event edge, v0x7f9500d12f90_228, v0x7f9500d12f90_229, v0x7f9500d12f90_230, v0x7f9500d12f90_231;
v0x7f9500d12f90_232 .array/port v0x7f9500d12f90, 232;
v0x7f9500d12f90_233 .array/port v0x7f9500d12f90, 233;
v0x7f9500d12f90_234 .array/port v0x7f9500d12f90, 234;
v0x7f9500d12f90_235 .array/port v0x7f9500d12f90, 235;
E_0x7f9500d00890/59 .event edge, v0x7f9500d12f90_232, v0x7f9500d12f90_233, v0x7f9500d12f90_234, v0x7f9500d12f90_235;
v0x7f9500d12f90_236 .array/port v0x7f9500d12f90, 236;
v0x7f9500d12f90_237 .array/port v0x7f9500d12f90, 237;
v0x7f9500d12f90_238 .array/port v0x7f9500d12f90, 238;
v0x7f9500d12f90_239 .array/port v0x7f9500d12f90, 239;
E_0x7f9500d00890/60 .event edge, v0x7f9500d12f90_236, v0x7f9500d12f90_237, v0x7f9500d12f90_238, v0x7f9500d12f90_239;
v0x7f9500d12f90_240 .array/port v0x7f9500d12f90, 240;
v0x7f9500d12f90_241 .array/port v0x7f9500d12f90, 241;
v0x7f9500d12f90_242 .array/port v0x7f9500d12f90, 242;
v0x7f9500d12f90_243 .array/port v0x7f9500d12f90, 243;
E_0x7f9500d00890/61 .event edge, v0x7f9500d12f90_240, v0x7f9500d12f90_241, v0x7f9500d12f90_242, v0x7f9500d12f90_243;
v0x7f9500d12f90_244 .array/port v0x7f9500d12f90, 244;
v0x7f9500d12f90_245 .array/port v0x7f9500d12f90, 245;
v0x7f9500d12f90_246 .array/port v0x7f9500d12f90, 246;
v0x7f9500d12f90_247 .array/port v0x7f9500d12f90, 247;
E_0x7f9500d00890/62 .event edge, v0x7f9500d12f90_244, v0x7f9500d12f90_245, v0x7f9500d12f90_246, v0x7f9500d12f90_247;
v0x7f9500d12f90_248 .array/port v0x7f9500d12f90, 248;
v0x7f9500d12f90_249 .array/port v0x7f9500d12f90, 249;
v0x7f9500d12f90_250 .array/port v0x7f9500d12f90, 250;
v0x7f9500d12f90_251 .array/port v0x7f9500d12f90, 251;
E_0x7f9500d00890/63 .event edge, v0x7f9500d12f90_248, v0x7f9500d12f90_249, v0x7f9500d12f90_250, v0x7f9500d12f90_251;
v0x7f9500d12f90_252 .array/port v0x7f9500d12f90, 252;
v0x7f9500d12f90_253 .array/port v0x7f9500d12f90, 253;
v0x7f9500d12f90_254 .array/port v0x7f9500d12f90, 254;
v0x7f9500d12f90_255 .array/port v0x7f9500d12f90, 255;
E_0x7f9500d00890/64 .event edge, v0x7f9500d12f90_252, v0x7f9500d12f90_253, v0x7f9500d12f90_254, v0x7f9500d12f90_255;
v0x7f9500d00bd0_0 .array/port v0x7f9500d00bd0, 0;
v0x7f9500d00bd0_1 .array/port v0x7f9500d00bd0, 1;
v0x7f9500d00bd0_2 .array/port v0x7f9500d00bd0, 2;
v0x7f9500d00bd0_3 .array/port v0x7f9500d00bd0, 3;
E_0x7f9500d00890/65 .event edge, v0x7f9500d00bd0_0, v0x7f9500d00bd0_1, v0x7f9500d00bd0_2, v0x7f9500d00bd0_3;
v0x7f9500d00bd0_4 .array/port v0x7f9500d00bd0, 4;
v0x7f9500d00bd0_5 .array/port v0x7f9500d00bd0, 5;
v0x7f9500d00bd0_6 .array/port v0x7f9500d00bd0, 6;
v0x7f9500d00bd0_7 .array/port v0x7f9500d00bd0, 7;
E_0x7f9500d00890/66 .event edge, v0x7f9500d00bd0_4, v0x7f9500d00bd0_5, v0x7f9500d00bd0_6, v0x7f9500d00bd0_7;
v0x7f9500d00bd0_8 .array/port v0x7f9500d00bd0, 8;
v0x7f9500d00bd0_9 .array/port v0x7f9500d00bd0, 9;
v0x7f9500d00bd0_10 .array/port v0x7f9500d00bd0, 10;
v0x7f9500d00bd0_11 .array/port v0x7f9500d00bd0, 11;
E_0x7f9500d00890/67 .event edge, v0x7f9500d00bd0_8, v0x7f9500d00bd0_9, v0x7f9500d00bd0_10, v0x7f9500d00bd0_11;
v0x7f9500d00bd0_12 .array/port v0x7f9500d00bd0, 12;
v0x7f9500d00bd0_13 .array/port v0x7f9500d00bd0, 13;
v0x7f9500d00bd0_14 .array/port v0x7f9500d00bd0, 14;
v0x7f9500d00bd0_15 .array/port v0x7f9500d00bd0, 15;
E_0x7f9500d00890/68 .event edge, v0x7f9500d00bd0_12, v0x7f9500d00bd0_13, v0x7f9500d00bd0_14, v0x7f9500d00bd0_15;
v0x7f9500d00bd0_16 .array/port v0x7f9500d00bd0, 16;
v0x7f9500d00bd0_17 .array/port v0x7f9500d00bd0, 17;
v0x7f9500d00bd0_18 .array/port v0x7f9500d00bd0, 18;
v0x7f9500d00bd0_19 .array/port v0x7f9500d00bd0, 19;
E_0x7f9500d00890/69 .event edge, v0x7f9500d00bd0_16, v0x7f9500d00bd0_17, v0x7f9500d00bd0_18, v0x7f9500d00bd0_19;
v0x7f9500d00bd0_20 .array/port v0x7f9500d00bd0, 20;
v0x7f9500d00bd0_21 .array/port v0x7f9500d00bd0, 21;
v0x7f9500d00bd0_22 .array/port v0x7f9500d00bd0, 22;
v0x7f9500d00bd0_23 .array/port v0x7f9500d00bd0, 23;
E_0x7f9500d00890/70 .event edge, v0x7f9500d00bd0_20, v0x7f9500d00bd0_21, v0x7f9500d00bd0_22, v0x7f9500d00bd0_23;
v0x7f9500d00bd0_24 .array/port v0x7f9500d00bd0, 24;
v0x7f9500d00bd0_25 .array/port v0x7f9500d00bd0, 25;
v0x7f9500d00bd0_26 .array/port v0x7f9500d00bd0, 26;
v0x7f9500d00bd0_27 .array/port v0x7f9500d00bd0, 27;
E_0x7f9500d00890/71 .event edge, v0x7f9500d00bd0_24, v0x7f9500d00bd0_25, v0x7f9500d00bd0_26, v0x7f9500d00bd0_27;
v0x7f9500d00bd0_28 .array/port v0x7f9500d00bd0, 28;
v0x7f9500d00bd0_29 .array/port v0x7f9500d00bd0, 29;
v0x7f9500d00bd0_30 .array/port v0x7f9500d00bd0, 30;
v0x7f9500d00bd0_31 .array/port v0x7f9500d00bd0, 31;
E_0x7f9500d00890/72 .event edge, v0x7f9500d00bd0_28, v0x7f9500d00bd0_29, v0x7f9500d00bd0_30, v0x7f9500d00bd0_31;
v0x7f9500d00bd0_32 .array/port v0x7f9500d00bd0, 32;
v0x7f9500d00bd0_33 .array/port v0x7f9500d00bd0, 33;
v0x7f9500d00bd0_34 .array/port v0x7f9500d00bd0, 34;
v0x7f9500d00bd0_35 .array/port v0x7f9500d00bd0, 35;
E_0x7f9500d00890/73 .event edge, v0x7f9500d00bd0_32, v0x7f9500d00bd0_33, v0x7f9500d00bd0_34, v0x7f9500d00bd0_35;
v0x7f9500d00bd0_36 .array/port v0x7f9500d00bd0, 36;
v0x7f9500d00bd0_37 .array/port v0x7f9500d00bd0, 37;
v0x7f9500d00bd0_38 .array/port v0x7f9500d00bd0, 38;
v0x7f9500d00bd0_39 .array/port v0x7f9500d00bd0, 39;
E_0x7f9500d00890/74 .event edge, v0x7f9500d00bd0_36, v0x7f9500d00bd0_37, v0x7f9500d00bd0_38, v0x7f9500d00bd0_39;
v0x7f9500d00bd0_40 .array/port v0x7f9500d00bd0, 40;
v0x7f9500d00bd0_41 .array/port v0x7f9500d00bd0, 41;
v0x7f9500d00bd0_42 .array/port v0x7f9500d00bd0, 42;
v0x7f9500d00bd0_43 .array/port v0x7f9500d00bd0, 43;
E_0x7f9500d00890/75 .event edge, v0x7f9500d00bd0_40, v0x7f9500d00bd0_41, v0x7f9500d00bd0_42, v0x7f9500d00bd0_43;
v0x7f9500d00bd0_44 .array/port v0x7f9500d00bd0, 44;
v0x7f9500d00bd0_45 .array/port v0x7f9500d00bd0, 45;
v0x7f9500d00bd0_46 .array/port v0x7f9500d00bd0, 46;
v0x7f9500d00bd0_47 .array/port v0x7f9500d00bd0, 47;
E_0x7f9500d00890/76 .event edge, v0x7f9500d00bd0_44, v0x7f9500d00bd0_45, v0x7f9500d00bd0_46, v0x7f9500d00bd0_47;
v0x7f9500d00bd0_48 .array/port v0x7f9500d00bd0, 48;
v0x7f9500d00bd0_49 .array/port v0x7f9500d00bd0, 49;
v0x7f9500d00bd0_50 .array/port v0x7f9500d00bd0, 50;
v0x7f9500d00bd0_51 .array/port v0x7f9500d00bd0, 51;
E_0x7f9500d00890/77 .event edge, v0x7f9500d00bd0_48, v0x7f9500d00bd0_49, v0x7f9500d00bd0_50, v0x7f9500d00bd0_51;
v0x7f9500d00bd0_52 .array/port v0x7f9500d00bd0, 52;
v0x7f9500d00bd0_53 .array/port v0x7f9500d00bd0, 53;
v0x7f9500d00bd0_54 .array/port v0x7f9500d00bd0, 54;
v0x7f9500d00bd0_55 .array/port v0x7f9500d00bd0, 55;
E_0x7f9500d00890/78 .event edge, v0x7f9500d00bd0_52, v0x7f9500d00bd0_53, v0x7f9500d00bd0_54, v0x7f9500d00bd0_55;
v0x7f9500d00bd0_56 .array/port v0x7f9500d00bd0, 56;
v0x7f9500d00bd0_57 .array/port v0x7f9500d00bd0, 57;
v0x7f9500d00bd0_58 .array/port v0x7f9500d00bd0, 58;
v0x7f9500d00bd0_59 .array/port v0x7f9500d00bd0, 59;
E_0x7f9500d00890/79 .event edge, v0x7f9500d00bd0_56, v0x7f9500d00bd0_57, v0x7f9500d00bd0_58, v0x7f9500d00bd0_59;
v0x7f9500d00bd0_60 .array/port v0x7f9500d00bd0, 60;
v0x7f9500d00bd0_61 .array/port v0x7f9500d00bd0, 61;
v0x7f9500d00bd0_62 .array/port v0x7f9500d00bd0, 62;
v0x7f9500d00bd0_63 .array/port v0x7f9500d00bd0, 63;
E_0x7f9500d00890/80 .event edge, v0x7f9500d00bd0_60, v0x7f9500d00bd0_61, v0x7f9500d00bd0_62, v0x7f9500d00bd0_63;
v0x7f9500d00bd0_64 .array/port v0x7f9500d00bd0, 64;
v0x7f9500d00bd0_65 .array/port v0x7f9500d00bd0, 65;
v0x7f9500d00bd0_66 .array/port v0x7f9500d00bd0, 66;
v0x7f9500d00bd0_67 .array/port v0x7f9500d00bd0, 67;
E_0x7f9500d00890/81 .event edge, v0x7f9500d00bd0_64, v0x7f9500d00bd0_65, v0x7f9500d00bd0_66, v0x7f9500d00bd0_67;
v0x7f9500d00bd0_68 .array/port v0x7f9500d00bd0, 68;
v0x7f9500d00bd0_69 .array/port v0x7f9500d00bd0, 69;
v0x7f9500d00bd0_70 .array/port v0x7f9500d00bd0, 70;
v0x7f9500d00bd0_71 .array/port v0x7f9500d00bd0, 71;
E_0x7f9500d00890/82 .event edge, v0x7f9500d00bd0_68, v0x7f9500d00bd0_69, v0x7f9500d00bd0_70, v0x7f9500d00bd0_71;
v0x7f9500d00bd0_72 .array/port v0x7f9500d00bd0, 72;
v0x7f9500d00bd0_73 .array/port v0x7f9500d00bd0, 73;
v0x7f9500d00bd0_74 .array/port v0x7f9500d00bd0, 74;
v0x7f9500d00bd0_75 .array/port v0x7f9500d00bd0, 75;
E_0x7f9500d00890/83 .event edge, v0x7f9500d00bd0_72, v0x7f9500d00bd0_73, v0x7f9500d00bd0_74, v0x7f9500d00bd0_75;
v0x7f9500d00bd0_76 .array/port v0x7f9500d00bd0, 76;
v0x7f9500d00bd0_77 .array/port v0x7f9500d00bd0, 77;
v0x7f9500d00bd0_78 .array/port v0x7f9500d00bd0, 78;
v0x7f9500d00bd0_79 .array/port v0x7f9500d00bd0, 79;
E_0x7f9500d00890/84 .event edge, v0x7f9500d00bd0_76, v0x7f9500d00bd0_77, v0x7f9500d00bd0_78, v0x7f9500d00bd0_79;
v0x7f9500d00bd0_80 .array/port v0x7f9500d00bd0, 80;
v0x7f9500d00bd0_81 .array/port v0x7f9500d00bd0, 81;
v0x7f9500d00bd0_82 .array/port v0x7f9500d00bd0, 82;
v0x7f9500d00bd0_83 .array/port v0x7f9500d00bd0, 83;
E_0x7f9500d00890/85 .event edge, v0x7f9500d00bd0_80, v0x7f9500d00bd0_81, v0x7f9500d00bd0_82, v0x7f9500d00bd0_83;
v0x7f9500d00bd0_84 .array/port v0x7f9500d00bd0, 84;
v0x7f9500d00bd0_85 .array/port v0x7f9500d00bd0, 85;
v0x7f9500d00bd0_86 .array/port v0x7f9500d00bd0, 86;
v0x7f9500d00bd0_87 .array/port v0x7f9500d00bd0, 87;
E_0x7f9500d00890/86 .event edge, v0x7f9500d00bd0_84, v0x7f9500d00bd0_85, v0x7f9500d00bd0_86, v0x7f9500d00bd0_87;
v0x7f9500d00bd0_88 .array/port v0x7f9500d00bd0, 88;
v0x7f9500d00bd0_89 .array/port v0x7f9500d00bd0, 89;
v0x7f9500d00bd0_90 .array/port v0x7f9500d00bd0, 90;
v0x7f9500d00bd0_91 .array/port v0x7f9500d00bd0, 91;
E_0x7f9500d00890/87 .event edge, v0x7f9500d00bd0_88, v0x7f9500d00bd0_89, v0x7f9500d00bd0_90, v0x7f9500d00bd0_91;
v0x7f9500d00bd0_92 .array/port v0x7f9500d00bd0, 92;
v0x7f9500d00bd0_93 .array/port v0x7f9500d00bd0, 93;
v0x7f9500d00bd0_94 .array/port v0x7f9500d00bd0, 94;
v0x7f9500d00bd0_95 .array/port v0x7f9500d00bd0, 95;
E_0x7f9500d00890/88 .event edge, v0x7f9500d00bd0_92, v0x7f9500d00bd0_93, v0x7f9500d00bd0_94, v0x7f9500d00bd0_95;
v0x7f9500d00bd0_96 .array/port v0x7f9500d00bd0, 96;
v0x7f9500d00bd0_97 .array/port v0x7f9500d00bd0, 97;
v0x7f9500d00bd0_98 .array/port v0x7f9500d00bd0, 98;
v0x7f9500d00bd0_99 .array/port v0x7f9500d00bd0, 99;
E_0x7f9500d00890/89 .event edge, v0x7f9500d00bd0_96, v0x7f9500d00bd0_97, v0x7f9500d00bd0_98, v0x7f9500d00bd0_99;
v0x7f9500d00bd0_100 .array/port v0x7f9500d00bd0, 100;
v0x7f9500d00bd0_101 .array/port v0x7f9500d00bd0, 101;
v0x7f9500d00bd0_102 .array/port v0x7f9500d00bd0, 102;
v0x7f9500d00bd0_103 .array/port v0x7f9500d00bd0, 103;
E_0x7f9500d00890/90 .event edge, v0x7f9500d00bd0_100, v0x7f9500d00bd0_101, v0x7f9500d00bd0_102, v0x7f9500d00bd0_103;
v0x7f9500d00bd0_104 .array/port v0x7f9500d00bd0, 104;
v0x7f9500d00bd0_105 .array/port v0x7f9500d00bd0, 105;
v0x7f9500d00bd0_106 .array/port v0x7f9500d00bd0, 106;
v0x7f9500d00bd0_107 .array/port v0x7f9500d00bd0, 107;
E_0x7f9500d00890/91 .event edge, v0x7f9500d00bd0_104, v0x7f9500d00bd0_105, v0x7f9500d00bd0_106, v0x7f9500d00bd0_107;
v0x7f9500d00bd0_108 .array/port v0x7f9500d00bd0, 108;
v0x7f9500d00bd0_109 .array/port v0x7f9500d00bd0, 109;
v0x7f9500d00bd0_110 .array/port v0x7f9500d00bd0, 110;
v0x7f9500d00bd0_111 .array/port v0x7f9500d00bd0, 111;
E_0x7f9500d00890/92 .event edge, v0x7f9500d00bd0_108, v0x7f9500d00bd0_109, v0x7f9500d00bd0_110, v0x7f9500d00bd0_111;
v0x7f9500d00bd0_112 .array/port v0x7f9500d00bd0, 112;
v0x7f9500d00bd0_113 .array/port v0x7f9500d00bd0, 113;
v0x7f9500d00bd0_114 .array/port v0x7f9500d00bd0, 114;
v0x7f9500d00bd0_115 .array/port v0x7f9500d00bd0, 115;
E_0x7f9500d00890/93 .event edge, v0x7f9500d00bd0_112, v0x7f9500d00bd0_113, v0x7f9500d00bd0_114, v0x7f9500d00bd0_115;
v0x7f9500d00bd0_116 .array/port v0x7f9500d00bd0, 116;
v0x7f9500d00bd0_117 .array/port v0x7f9500d00bd0, 117;
v0x7f9500d00bd0_118 .array/port v0x7f9500d00bd0, 118;
v0x7f9500d00bd0_119 .array/port v0x7f9500d00bd0, 119;
E_0x7f9500d00890/94 .event edge, v0x7f9500d00bd0_116, v0x7f9500d00bd0_117, v0x7f9500d00bd0_118, v0x7f9500d00bd0_119;
v0x7f9500d00bd0_120 .array/port v0x7f9500d00bd0, 120;
v0x7f9500d00bd0_121 .array/port v0x7f9500d00bd0, 121;
v0x7f9500d00bd0_122 .array/port v0x7f9500d00bd0, 122;
v0x7f9500d00bd0_123 .array/port v0x7f9500d00bd0, 123;
E_0x7f9500d00890/95 .event edge, v0x7f9500d00bd0_120, v0x7f9500d00bd0_121, v0x7f9500d00bd0_122, v0x7f9500d00bd0_123;
v0x7f9500d00bd0_124 .array/port v0x7f9500d00bd0, 124;
v0x7f9500d00bd0_125 .array/port v0x7f9500d00bd0, 125;
v0x7f9500d00bd0_126 .array/port v0x7f9500d00bd0, 126;
v0x7f9500d00bd0_127 .array/port v0x7f9500d00bd0, 127;
E_0x7f9500d00890/96 .event edge, v0x7f9500d00bd0_124, v0x7f9500d00bd0_125, v0x7f9500d00bd0_126, v0x7f9500d00bd0_127;
v0x7f9500d00bd0_128 .array/port v0x7f9500d00bd0, 128;
v0x7f9500d00bd0_129 .array/port v0x7f9500d00bd0, 129;
v0x7f9500d00bd0_130 .array/port v0x7f9500d00bd0, 130;
v0x7f9500d00bd0_131 .array/port v0x7f9500d00bd0, 131;
E_0x7f9500d00890/97 .event edge, v0x7f9500d00bd0_128, v0x7f9500d00bd0_129, v0x7f9500d00bd0_130, v0x7f9500d00bd0_131;
v0x7f9500d00bd0_132 .array/port v0x7f9500d00bd0, 132;
v0x7f9500d00bd0_133 .array/port v0x7f9500d00bd0, 133;
v0x7f9500d00bd0_134 .array/port v0x7f9500d00bd0, 134;
v0x7f9500d00bd0_135 .array/port v0x7f9500d00bd0, 135;
E_0x7f9500d00890/98 .event edge, v0x7f9500d00bd0_132, v0x7f9500d00bd0_133, v0x7f9500d00bd0_134, v0x7f9500d00bd0_135;
v0x7f9500d00bd0_136 .array/port v0x7f9500d00bd0, 136;
v0x7f9500d00bd0_137 .array/port v0x7f9500d00bd0, 137;
v0x7f9500d00bd0_138 .array/port v0x7f9500d00bd0, 138;
v0x7f9500d00bd0_139 .array/port v0x7f9500d00bd0, 139;
E_0x7f9500d00890/99 .event edge, v0x7f9500d00bd0_136, v0x7f9500d00bd0_137, v0x7f9500d00bd0_138, v0x7f9500d00bd0_139;
v0x7f9500d00bd0_140 .array/port v0x7f9500d00bd0, 140;
v0x7f9500d00bd0_141 .array/port v0x7f9500d00bd0, 141;
v0x7f9500d00bd0_142 .array/port v0x7f9500d00bd0, 142;
v0x7f9500d00bd0_143 .array/port v0x7f9500d00bd0, 143;
E_0x7f9500d00890/100 .event edge, v0x7f9500d00bd0_140, v0x7f9500d00bd0_141, v0x7f9500d00bd0_142, v0x7f9500d00bd0_143;
v0x7f9500d00bd0_144 .array/port v0x7f9500d00bd0, 144;
v0x7f9500d00bd0_145 .array/port v0x7f9500d00bd0, 145;
v0x7f9500d00bd0_146 .array/port v0x7f9500d00bd0, 146;
v0x7f9500d00bd0_147 .array/port v0x7f9500d00bd0, 147;
E_0x7f9500d00890/101 .event edge, v0x7f9500d00bd0_144, v0x7f9500d00bd0_145, v0x7f9500d00bd0_146, v0x7f9500d00bd0_147;
v0x7f9500d00bd0_148 .array/port v0x7f9500d00bd0, 148;
v0x7f9500d00bd0_149 .array/port v0x7f9500d00bd0, 149;
v0x7f9500d00bd0_150 .array/port v0x7f9500d00bd0, 150;
v0x7f9500d00bd0_151 .array/port v0x7f9500d00bd0, 151;
E_0x7f9500d00890/102 .event edge, v0x7f9500d00bd0_148, v0x7f9500d00bd0_149, v0x7f9500d00bd0_150, v0x7f9500d00bd0_151;
v0x7f9500d00bd0_152 .array/port v0x7f9500d00bd0, 152;
v0x7f9500d00bd0_153 .array/port v0x7f9500d00bd0, 153;
v0x7f9500d00bd0_154 .array/port v0x7f9500d00bd0, 154;
v0x7f9500d00bd0_155 .array/port v0x7f9500d00bd0, 155;
E_0x7f9500d00890/103 .event edge, v0x7f9500d00bd0_152, v0x7f9500d00bd0_153, v0x7f9500d00bd0_154, v0x7f9500d00bd0_155;
v0x7f9500d00bd0_156 .array/port v0x7f9500d00bd0, 156;
v0x7f9500d00bd0_157 .array/port v0x7f9500d00bd0, 157;
v0x7f9500d00bd0_158 .array/port v0x7f9500d00bd0, 158;
v0x7f9500d00bd0_159 .array/port v0x7f9500d00bd0, 159;
E_0x7f9500d00890/104 .event edge, v0x7f9500d00bd0_156, v0x7f9500d00bd0_157, v0x7f9500d00bd0_158, v0x7f9500d00bd0_159;
v0x7f9500d00bd0_160 .array/port v0x7f9500d00bd0, 160;
v0x7f9500d00bd0_161 .array/port v0x7f9500d00bd0, 161;
v0x7f9500d00bd0_162 .array/port v0x7f9500d00bd0, 162;
v0x7f9500d00bd0_163 .array/port v0x7f9500d00bd0, 163;
E_0x7f9500d00890/105 .event edge, v0x7f9500d00bd0_160, v0x7f9500d00bd0_161, v0x7f9500d00bd0_162, v0x7f9500d00bd0_163;
v0x7f9500d00bd0_164 .array/port v0x7f9500d00bd0, 164;
v0x7f9500d00bd0_165 .array/port v0x7f9500d00bd0, 165;
v0x7f9500d00bd0_166 .array/port v0x7f9500d00bd0, 166;
v0x7f9500d00bd0_167 .array/port v0x7f9500d00bd0, 167;
E_0x7f9500d00890/106 .event edge, v0x7f9500d00bd0_164, v0x7f9500d00bd0_165, v0x7f9500d00bd0_166, v0x7f9500d00bd0_167;
v0x7f9500d00bd0_168 .array/port v0x7f9500d00bd0, 168;
v0x7f9500d00bd0_169 .array/port v0x7f9500d00bd0, 169;
v0x7f9500d00bd0_170 .array/port v0x7f9500d00bd0, 170;
v0x7f9500d00bd0_171 .array/port v0x7f9500d00bd0, 171;
E_0x7f9500d00890/107 .event edge, v0x7f9500d00bd0_168, v0x7f9500d00bd0_169, v0x7f9500d00bd0_170, v0x7f9500d00bd0_171;
v0x7f9500d00bd0_172 .array/port v0x7f9500d00bd0, 172;
v0x7f9500d00bd0_173 .array/port v0x7f9500d00bd0, 173;
v0x7f9500d00bd0_174 .array/port v0x7f9500d00bd0, 174;
v0x7f9500d00bd0_175 .array/port v0x7f9500d00bd0, 175;
E_0x7f9500d00890/108 .event edge, v0x7f9500d00bd0_172, v0x7f9500d00bd0_173, v0x7f9500d00bd0_174, v0x7f9500d00bd0_175;
v0x7f9500d00bd0_176 .array/port v0x7f9500d00bd0, 176;
v0x7f9500d00bd0_177 .array/port v0x7f9500d00bd0, 177;
v0x7f9500d00bd0_178 .array/port v0x7f9500d00bd0, 178;
v0x7f9500d00bd0_179 .array/port v0x7f9500d00bd0, 179;
E_0x7f9500d00890/109 .event edge, v0x7f9500d00bd0_176, v0x7f9500d00bd0_177, v0x7f9500d00bd0_178, v0x7f9500d00bd0_179;
v0x7f9500d00bd0_180 .array/port v0x7f9500d00bd0, 180;
v0x7f9500d00bd0_181 .array/port v0x7f9500d00bd0, 181;
v0x7f9500d00bd0_182 .array/port v0x7f9500d00bd0, 182;
v0x7f9500d00bd0_183 .array/port v0x7f9500d00bd0, 183;
E_0x7f9500d00890/110 .event edge, v0x7f9500d00bd0_180, v0x7f9500d00bd0_181, v0x7f9500d00bd0_182, v0x7f9500d00bd0_183;
v0x7f9500d00bd0_184 .array/port v0x7f9500d00bd0, 184;
v0x7f9500d00bd0_185 .array/port v0x7f9500d00bd0, 185;
v0x7f9500d00bd0_186 .array/port v0x7f9500d00bd0, 186;
v0x7f9500d00bd0_187 .array/port v0x7f9500d00bd0, 187;
E_0x7f9500d00890/111 .event edge, v0x7f9500d00bd0_184, v0x7f9500d00bd0_185, v0x7f9500d00bd0_186, v0x7f9500d00bd0_187;
v0x7f9500d00bd0_188 .array/port v0x7f9500d00bd0, 188;
v0x7f9500d00bd0_189 .array/port v0x7f9500d00bd0, 189;
v0x7f9500d00bd0_190 .array/port v0x7f9500d00bd0, 190;
v0x7f9500d00bd0_191 .array/port v0x7f9500d00bd0, 191;
E_0x7f9500d00890/112 .event edge, v0x7f9500d00bd0_188, v0x7f9500d00bd0_189, v0x7f9500d00bd0_190, v0x7f9500d00bd0_191;
v0x7f9500d00bd0_192 .array/port v0x7f9500d00bd0, 192;
v0x7f9500d00bd0_193 .array/port v0x7f9500d00bd0, 193;
v0x7f9500d00bd0_194 .array/port v0x7f9500d00bd0, 194;
v0x7f9500d00bd0_195 .array/port v0x7f9500d00bd0, 195;
E_0x7f9500d00890/113 .event edge, v0x7f9500d00bd0_192, v0x7f9500d00bd0_193, v0x7f9500d00bd0_194, v0x7f9500d00bd0_195;
v0x7f9500d00bd0_196 .array/port v0x7f9500d00bd0, 196;
v0x7f9500d00bd0_197 .array/port v0x7f9500d00bd0, 197;
v0x7f9500d00bd0_198 .array/port v0x7f9500d00bd0, 198;
v0x7f9500d00bd0_199 .array/port v0x7f9500d00bd0, 199;
E_0x7f9500d00890/114 .event edge, v0x7f9500d00bd0_196, v0x7f9500d00bd0_197, v0x7f9500d00bd0_198, v0x7f9500d00bd0_199;
v0x7f9500d00bd0_200 .array/port v0x7f9500d00bd0, 200;
v0x7f9500d00bd0_201 .array/port v0x7f9500d00bd0, 201;
v0x7f9500d00bd0_202 .array/port v0x7f9500d00bd0, 202;
v0x7f9500d00bd0_203 .array/port v0x7f9500d00bd0, 203;
E_0x7f9500d00890/115 .event edge, v0x7f9500d00bd0_200, v0x7f9500d00bd0_201, v0x7f9500d00bd0_202, v0x7f9500d00bd0_203;
v0x7f9500d00bd0_204 .array/port v0x7f9500d00bd0, 204;
v0x7f9500d00bd0_205 .array/port v0x7f9500d00bd0, 205;
v0x7f9500d00bd0_206 .array/port v0x7f9500d00bd0, 206;
v0x7f9500d00bd0_207 .array/port v0x7f9500d00bd0, 207;
E_0x7f9500d00890/116 .event edge, v0x7f9500d00bd0_204, v0x7f9500d00bd0_205, v0x7f9500d00bd0_206, v0x7f9500d00bd0_207;
v0x7f9500d00bd0_208 .array/port v0x7f9500d00bd0, 208;
v0x7f9500d00bd0_209 .array/port v0x7f9500d00bd0, 209;
v0x7f9500d00bd0_210 .array/port v0x7f9500d00bd0, 210;
v0x7f9500d00bd0_211 .array/port v0x7f9500d00bd0, 211;
E_0x7f9500d00890/117 .event edge, v0x7f9500d00bd0_208, v0x7f9500d00bd0_209, v0x7f9500d00bd0_210, v0x7f9500d00bd0_211;
v0x7f9500d00bd0_212 .array/port v0x7f9500d00bd0, 212;
v0x7f9500d00bd0_213 .array/port v0x7f9500d00bd0, 213;
v0x7f9500d00bd0_214 .array/port v0x7f9500d00bd0, 214;
v0x7f9500d00bd0_215 .array/port v0x7f9500d00bd0, 215;
E_0x7f9500d00890/118 .event edge, v0x7f9500d00bd0_212, v0x7f9500d00bd0_213, v0x7f9500d00bd0_214, v0x7f9500d00bd0_215;
v0x7f9500d00bd0_216 .array/port v0x7f9500d00bd0, 216;
v0x7f9500d00bd0_217 .array/port v0x7f9500d00bd0, 217;
v0x7f9500d00bd0_218 .array/port v0x7f9500d00bd0, 218;
v0x7f9500d00bd0_219 .array/port v0x7f9500d00bd0, 219;
E_0x7f9500d00890/119 .event edge, v0x7f9500d00bd0_216, v0x7f9500d00bd0_217, v0x7f9500d00bd0_218, v0x7f9500d00bd0_219;
v0x7f9500d00bd0_220 .array/port v0x7f9500d00bd0, 220;
v0x7f9500d00bd0_221 .array/port v0x7f9500d00bd0, 221;
v0x7f9500d00bd0_222 .array/port v0x7f9500d00bd0, 222;
v0x7f9500d00bd0_223 .array/port v0x7f9500d00bd0, 223;
E_0x7f9500d00890/120 .event edge, v0x7f9500d00bd0_220, v0x7f9500d00bd0_221, v0x7f9500d00bd0_222, v0x7f9500d00bd0_223;
v0x7f9500d00bd0_224 .array/port v0x7f9500d00bd0, 224;
v0x7f9500d00bd0_225 .array/port v0x7f9500d00bd0, 225;
v0x7f9500d00bd0_226 .array/port v0x7f9500d00bd0, 226;
v0x7f9500d00bd0_227 .array/port v0x7f9500d00bd0, 227;
E_0x7f9500d00890/121 .event edge, v0x7f9500d00bd0_224, v0x7f9500d00bd0_225, v0x7f9500d00bd0_226, v0x7f9500d00bd0_227;
v0x7f9500d00bd0_228 .array/port v0x7f9500d00bd0, 228;
v0x7f9500d00bd0_229 .array/port v0x7f9500d00bd0, 229;
v0x7f9500d00bd0_230 .array/port v0x7f9500d00bd0, 230;
v0x7f9500d00bd0_231 .array/port v0x7f9500d00bd0, 231;
E_0x7f9500d00890/122 .event edge, v0x7f9500d00bd0_228, v0x7f9500d00bd0_229, v0x7f9500d00bd0_230, v0x7f9500d00bd0_231;
v0x7f9500d00bd0_232 .array/port v0x7f9500d00bd0, 232;
v0x7f9500d00bd0_233 .array/port v0x7f9500d00bd0, 233;
v0x7f9500d00bd0_234 .array/port v0x7f9500d00bd0, 234;
v0x7f9500d00bd0_235 .array/port v0x7f9500d00bd0, 235;
E_0x7f9500d00890/123 .event edge, v0x7f9500d00bd0_232, v0x7f9500d00bd0_233, v0x7f9500d00bd0_234, v0x7f9500d00bd0_235;
v0x7f9500d00bd0_236 .array/port v0x7f9500d00bd0, 236;
v0x7f9500d00bd0_237 .array/port v0x7f9500d00bd0, 237;
v0x7f9500d00bd0_238 .array/port v0x7f9500d00bd0, 238;
v0x7f9500d00bd0_239 .array/port v0x7f9500d00bd0, 239;
E_0x7f9500d00890/124 .event edge, v0x7f9500d00bd0_236, v0x7f9500d00bd0_237, v0x7f9500d00bd0_238, v0x7f9500d00bd0_239;
v0x7f9500d00bd0_240 .array/port v0x7f9500d00bd0, 240;
v0x7f9500d00bd0_241 .array/port v0x7f9500d00bd0, 241;
v0x7f9500d00bd0_242 .array/port v0x7f9500d00bd0, 242;
v0x7f9500d00bd0_243 .array/port v0x7f9500d00bd0, 243;
E_0x7f9500d00890/125 .event edge, v0x7f9500d00bd0_240, v0x7f9500d00bd0_241, v0x7f9500d00bd0_242, v0x7f9500d00bd0_243;
v0x7f9500d00bd0_244 .array/port v0x7f9500d00bd0, 244;
v0x7f9500d00bd0_245 .array/port v0x7f9500d00bd0, 245;
v0x7f9500d00bd0_246 .array/port v0x7f9500d00bd0, 246;
v0x7f9500d00bd0_247 .array/port v0x7f9500d00bd0, 247;
E_0x7f9500d00890/126 .event edge, v0x7f9500d00bd0_244, v0x7f9500d00bd0_245, v0x7f9500d00bd0_246, v0x7f9500d00bd0_247;
v0x7f9500d00bd0_248 .array/port v0x7f9500d00bd0, 248;
v0x7f9500d00bd0_249 .array/port v0x7f9500d00bd0, 249;
v0x7f9500d00bd0_250 .array/port v0x7f9500d00bd0, 250;
v0x7f9500d00bd0_251 .array/port v0x7f9500d00bd0, 251;
E_0x7f9500d00890/127 .event edge, v0x7f9500d00bd0_248, v0x7f9500d00bd0_249, v0x7f9500d00bd0_250, v0x7f9500d00bd0_251;
v0x7f9500d00bd0_252 .array/port v0x7f9500d00bd0, 252;
v0x7f9500d00bd0_253 .array/port v0x7f9500d00bd0, 253;
v0x7f9500d00bd0_254 .array/port v0x7f9500d00bd0, 254;
v0x7f9500d00bd0_255 .array/port v0x7f9500d00bd0, 255;
E_0x7f9500d00890/128 .event edge, v0x7f9500d00bd0_252, v0x7f9500d00bd0_253, v0x7f9500d00bd0_254, v0x7f9500d00bd0_255;
E_0x7f9500d00890/129 .event edge, v0x7f9500d11e20_0;
E_0x7f9500d00890 .event/or E_0x7f9500d00890/0, E_0x7f9500d00890/1, E_0x7f9500d00890/2, E_0x7f9500d00890/3, E_0x7f9500d00890/4, E_0x7f9500d00890/5, E_0x7f9500d00890/6, E_0x7f9500d00890/7, E_0x7f9500d00890/8, E_0x7f9500d00890/9, E_0x7f9500d00890/10, E_0x7f9500d00890/11, E_0x7f9500d00890/12, E_0x7f9500d00890/13, E_0x7f9500d00890/14, E_0x7f9500d00890/15, E_0x7f9500d00890/16, E_0x7f9500d00890/17, E_0x7f9500d00890/18, E_0x7f9500d00890/19, E_0x7f9500d00890/20, E_0x7f9500d00890/21, E_0x7f9500d00890/22, E_0x7f9500d00890/23, E_0x7f9500d00890/24, E_0x7f9500d00890/25, E_0x7f9500d00890/26, E_0x7f9500d00890/27, E_0x7f9500d00890/28, E_0x7f9500d00890/29, E_0x7f9500d00890/30, E_0x7f9500d00890/31, E_0x7f9500d00890/32, E_0x7f9500d00890/33, E_0x7f9500d00890/34, E_0x7f9500d00890/35, E_0x7f9500d00890/36, E_0x7f9500d00890/37, E_0x7f9500d00890/38, E_0x7f9500d00890/39, E_0x7f9500d00890/40, E_0x7f9500d00890/41, E_0x7f9500d00890/42, E_0x7f9500d00890/43, E_0x7f9500d00890/44, E_0x7f9500d00890/45, E_0x7f9500d00890/46, E_0x7f9500d00890/47, E_0x7f9500d00890/48, E_0x7f9500d00890/49, E_0x7f9500d00890/50, E_0x7f9500d00890/51, E_0x7f9500d00890/52, E_0x7f9500d00890/53, E_0x7f9500d00890/54, E_0x7f9500d00890/55, E_0x7f9500d00890/56, E_0x7f9500d00890/57, E_0x7f9500d00890/58, E_0x7f9500d00890/59, E_0x7f9500d00890/60, E_0x7f9500d00890/61, E_0x7f9500d00890/62, E_0x7f9500d00890/63, E_0x7f9500d00890/64, E_0x7f9500d00890/65, E_0x7f9500d00890/66, E_0x7f9500d00890/67, E_0x7f9500d00890/68, E_0x7f9500d00890/69, E_0x7f9500d00890/70, E_0x7f9500d00890/71, E_0x7f9500d00890/72, E_0x7f9500d00890/73, E_0x7f9500d00890/74, E_0x7f9500d00890/75, E_0x7f9500d00890/76, E_0x7f9500d00890/77, E_0x7f9500d00890/78, E_0x7f9500d00890/79, E_0x7f9500d00890/80, E_0x7f9500d00890/81, E_0x7f9500d00890/82, E_0x7f9500d00890/83, E_0x7f9500d00890/84, E_0x7f9500d00890/85, E_0x7f9500d00890/86, E_0x7f9500d00890/87, E_0x7f9500d00890/88, E_0x7f9500d00890/89, E_0x7f9500d00890/90, E_0x7f9500d00890/91, E_0x7f9500d00890/92, E_0x7f9500d00890/93, E_0x7f9500d00890/94, E_0x7f9500d00890/95, E_0x7f9500d00890/96, E_0x7f9500d00890/97, E_0x7f9500d00890/98, E_0x7f9500d00890/99, E_0x7f9500d00890/100, E_0x7f9500d00890/101, E_0x7f9500d00890/102, E_0x7f9500d00890/103, E_0x7f9500d00890/104, E_0x7f9500d00890/105, E_0x7f9500d00890/106, E_0x7f9500d00890/107, E_0x7f9500d00890/108, E_0x7f9500d00890/109, E_0x7f9500d00890/110, E_0x7f9500d00890/111, E_0x7f9500d00890/112, E_0x7f9500d00890/113, E_0x7f9500d00890/114, E_0x7f9500d00890/115, E_0x7f9500d00890/116, E_0x7f9500d00890/117, E_0x7f9500d00890/118, E_0x7f9500d00890/119, E_0x7f9500d00890/120, E_0x7f9500d00890/121, E_0x7f9500d00890/122, E_0x7f9500d00890/123, E_0x7f9500d00890/124, E_0x7f9500d00890/125, E_0x7f9500d00890/126, E_0x7f9500d00890/127, E_0x7f9500d00890/128, E_0x7f9500d00890/129;
E_0x7f9500d008d0 .event "_s17";
E_0x7f9500d00900/0 .event negedge, v0x7f9500d127e0_0;
E_0x7f9500d00900/1 .event posedge, v0x7f9500d11cf0_0;
E_0x7f9500d00900 .event/or E_0x7f9500d00900/0, E_0x7f9500d00900/1;
S_0x7f9500d00af0 .scope begin, "reg_update" "reg_update" 2 142, 2 142, S_0x7f9500d00470;
 .timescale 0 0;
S_0x7f9500d00a10 .scope begin, "prodcalc" "prodcalc" 2 168, 2 168, S_0x7f9500d00470;
 .timescale 0 0;
S_0x7f9500d00930 .scope begin, "montprod_ctrl" "montprod_ctrl" 2 181, 2 181, S_0x7f9500d00470;
 .timescale 0 0;
    .scope S_0x7f9500d00470;
T_0 ;
    %wait E_0x7f9500d00900;
    %fork t_1, S_0x7f9500d00af0;
    %jmp t_0;
    .scope S_0x7f9500d00af0;
t_1 ;
    %load/v 8, v0x7f9500d127e0_0, 1;
    %inv 8, 1;
    %jmp/0xz  T_0.0, 8;
    %ix/load 0, 1, 0;
    %assign/v0 v0x7f9500d126d0_0, 0, 0;
    %ix/load 0, 3, 0;
    %assign/v0 v0x7f9500d12030_0, 0, 0;
    %jmp T_0.1;
T_0.0 ;
    %ix/getv 3, v0x7f9500d13f90_0;
    %load/av 8, v0x7f9500d13f10, 32;
    %ix/load 0, 32, 0;
    %assign/v0 v0x7f9500d13020_0, 0, 8;
    %load/v 8, v0x7f9500d14120_0, 1;
    %jmp/0xz  T_0.2, 8;
    %load/v 8, v0x7f9500d14090_0, 32;
    %ix/getv 3, v0x7f9500d14010_0;
    %jmp/1 t_2, 4;
    %ix/load 0, 32, 0; word width
    %ix/load 1, 0, 0; part off
    %assign/av v0x7f9500d13f10, 0, 8;
t_2 ;
T_0.2 ;
    %load/v 8, v0x7f9500d12a30_0, 1;
    %jmp/0xz  T_0.4, 8;
    %load/v 8, v0x7f9500d12900_0, 1;
    %ix/load 0, 1, 0;
    %assign/v0 v0x7f9500d126d0_0, 0, 8;
T_0.4 ;
    %load/v 8, v0x7f9500d120b0_0, 1;
    %jmp/0xz  T_0.6, 8;
    %load/v 8, v0x7f9500d11f70_0, 3;
    %ix/load 0, 3, 0;
    %assign/v0 v0x7f9500d12030_0, 0, 8;
T_0.6 ;
T_0.1 ;
    %end;
    .scope S_0x7f9500d00470;
t_0 %join;
    %jmp T_0;
    .thread T_0;
    .scope S_0x7f9500d00470;
T_1 ;
    %wait E_0x7f9500d008d0;
    %jmp T_1;
    .thread T_1;
    .scope S_0x7f9500d00470;
T_2 ;
    %wait E_0x7f9500d00890;
    %fork t_4, S_0x7f9500d00930;
    %jmp t_3;
    .scope S_0x7f9500d00930;
t_4 ;
    %set/v v0x7f9500d12900_0, 0, 1;
    %set/v v0x7f9500d12a30_0, 0, 1;
    %load/v 8, v0x7f9500d12030_0, 3;
    %cmpi/u 8, 0, 3;
    %jmp/1 T_2.0, 6;
    %cmpi/u 8, 1, 3;
    %jmp/1 T_2.1, 6;
    %cmpi/u 8, 2, 3;
    %jmp/1 T_2.2, 6;
    %cmpi/u 8, 3, 3;
    %jmp/1 T_2.3, 6;
    %cmpi/u 8, 4, 3;
    %jmp/1 T_2.4, 6;
    %cmpi/u 8, 5, 3;
    %jmp/1 T_2.5, 6;
    %cmpi/u 8, 6, 3;
    %jmp/1 T_2.6, 6;
    %cmpi/u 8, 7, 3;
    %jmp/1 T_2.7, 6;
    %jmp T_2.9;
T_2.0 ;
    %load/v 8, v0x7f9500d11c60_0, 1;
    %jmp/0xz  T_2.10, 8;
    %set/v v0x7f9500d12900_0, 0, 1;
    %set/v v0x7f9500d12a30_0, 1, 1;
    %movi 8, 1, 3;
    %set/v v0x7f9500d11f70_0, 8, 3;
    %ix/load 0, 1, 0;
    %assign/v0 v0x7f9500d120b0_0, 0, 1;
    %load/v 8, v0x7f9500d11d90_0, 8;
    %mov 16, 0, 24;
    %subi 8, 1, 32;
    %set/v v0x7f9500d14220_0, 8, 8;
    %jmp T_2.11;
T_2.10 ;
    %set/v v0x7f9500d120b0_0, 0, 1;
T_2.11 ;
    %jmp T_2.9;
T_2.1 ;
    %load/v 8, v0x7f9500d141a0_0, 8;
    %mov 16, 0, 24;
    %subi 8, 1, 32;
    %set/v v0x7f9500d14220_0, 8, 8;
    %load/v 8, v0x7f9500d141a0_0, 8;
    %mov 16, 0, 1;
    %cmpi/u 8, 0, 9;
    %jmp/0xz  T_2.12, 4;
    %movi 8, 2, 3;
    %set/v v0x7f9500d11f70_0, 8, 3;
    %set/v v0x7f9500d120b0_0, 1, 1;
    %jmp T_2.13;
T_2.12 ;
    %set/v v0x7f9500d120b0_0, 0, 1;
T_2.13 ;
    %jmp T_2.9;
T_2.2 ;
    %movi 8, 3, 3;
    %set/v v0x7f9500d11f70_0, 8, 3;
    %load/v 8, v0x7f9500d11d90_0, 8;
    %movi 16, 0, 24;
    %muli 8, 32, 32;
    %subi 8, 1, 32;
    %set/v v0x7f9500d11ee0_0, 8, 13;
    %jmp T_2.9;
T_2.3 ;
    %load/v 8, v0x7f9500d11d90_0, 8;
    %movi 16, 0, 24;
    %subi 8, 1, 32;
    %ix/get 3, 8, 32;
    %jmp/1 T_2.14, 4;
    %ix/get/s 0, 0, 2;
T_2.14 ;
    %load/avx.p 8, v0x7f9500d12f90, 0;
; Save base=8 wid=1 in lookaside.
    %load/v 9, v0x7f9500d11d90_0, 8;
    %movi 17, 0, 24;
    %subi 9, 1, 32;
    %ix/get 3, 9, 32;
    %jmp/1 T_2.15, 4;
    %ix/get/s 0, 0, 2;
T_2.15 ;
    %load/avx.p 9, v0x7f9500d00bd0, 0;
; Save base=9 wid=1 in lookaside.
    %xor 8, 9, 1;
    %set/v v0x7f9500d12760_0, 8, 1;
    %load/v 8, v0x7f9500d11e20_0, 13;
    %mov 21, 0, 19;
    %subi 8, 1, 32;
    %set/v v0x7f9500d11ee0_0, 8, 13;
    %load/v 8, v0x7f9500d11e20_0, 13;
    %mov 21, 0, 1;
    %cmpi/u 8, 0, 14;
    %jmp/0xz  T_2.16, 4;
    %set/v v0x7f9500d11f70_0, 1, 3;
    %set/v v0x7f9500d120b0_0, 1, 1;
    %jmp T_2.17;
T_2.16 ;
    %movi 8, 4, 3;
    %set/v v0x7f9500d11f70_0, 8, 3;
    %set/v v0x7f9500d120b0_0, 1, 1;
T_2.17 ;
    %jmp T_2.9;
T_2.4 ;
    %load/v 8, v0x7f9500d141a0_0, 8;
    %mov 16, 0, 1;
    %cmpi/u 8, 0, 9;
    %jmp/0xz  T_2.18, 4;
    %movi 8, 5, 3;
    %set/v v0x7f9500d11f70_0, 8, 3;
    %set/v v0x7f9500d120b0_0, 1, 1;
    %load/v 8, v0x7f9500d11d90_0, 8;
    %mov 16, 0, 24;
    %subi 8, 1, 32;
    %set/v v0x7f9500d14220_0, 8, 8;
    %jmp T_2.19;
T_2.18 ;
    %set/v v0x7f9500d120b0_0, 0, 1;
    %load/v 8, v0x7f9500d141a0_0, 8;
    %mov 16, 0, 24;
    %subi 8, 1, 32;
    %set/v v0x7f9500d14220_0, 8, 8;
T_2.19 ;
    %jmp T_2.9;
T_2.5 ;
    %load/v 8, v0x7f9500d141a0_0, 8;
    %mov 16, 0, 1;
    %cmpi/u 8, 0, 9;
    %jmp/0xz  T_2.20, 4;
    %movi 8, 6, 3;
    %set/v v0x7f9500d11f70_0, 8, 3;
    %set/v v0x7f9500d120b0_0, 1, 1;
    %load/v 8, v0x7f9500d11d90_0, 8;
    %mov 16, 0, 24;
    %subi 8, 1, 32;
    %set/v v0x7f9500d14220_0, 8, 8;
    %jmp T_2.21;
T_2.20 ;
    %set/v v0x7f9500d120b0_0, 0, 1;
    %load/v 8, v0x7f9500d141a0_0, 8;
    %mov 16, 0, 24;
    %subi 8, 1, 32;
    %set/v v0x7f9500d14220_0, 8, 8;
T_2.21 ;
    %jmp T_2.9;
T_2.6 ;
    %load/v 8, v0x7f9500d141a0_0, 8;
    %mov 16, 0, 24;
    %subi 8, 1, 32;
    %set/v v0x7f9500d14220_0, 8, 8;
    %load/v 8, v0x7f9500d141a0_0, 8;
    %cmpi/u 8, 0, 8;
    %jmp/0xz  T_2.22, 4;
    %movi 8, 3, 3;
    %set/v v0x7f9500d11f70_0, 8, 3;
    %set/v v0x7f9500d120b0_0, 1, 1;
    %jmp T_2.23;
T_2.22 ;
    %set/v v0x7f9500d120b0_0, 1, 1;
T_2.23 ;
    %jmp T_2.9;
T_2.7 ;
    %set/v v0x7f9500d12900_0, 1, 1;
    %set/v v0x7f9500d12a30_0, 1, 1;
    %jmp T_2.9;
T_2.9 ;
    %end;
    .scope S_0x7f9500d00470;
t_3 %join;
    %jmp T_2;
    .thread T_2, $push;
# The file index is used to find the file name in the following table.
:file_names 3;
    "N/A";
    "<interactive>";
    "montprod.v";
